<?xml version="1.0" encoding="UTF-8"?>
<!-- Generated by org.testng.reporters.JUnitXMLReporter -->
<testsuite hostname="Roshan" ignored="1" name="Command line test" tests="2" failures="0" timestamp="28 Dec 2022 11:34:15 GMT" time="13.907" errors="0">
  <testcase name="validateStatusCode" time="9.225" classname="com.test.testcases.GetAirlinesTest"/>
  <testcase name="validateName" time="4.271" classname="com.test.testcases.GetAirlinesTest"/>
  <testcase name="@BeforeSuite init" time="0.0" classname="com.test.testcases.BaseTest">
    <ignored/>
  </testcase> <!-- @BeforeSuite init -->
</testsuite> <!-- Command line test -->
