<?xml version="1.0" encoding="UTF-8" ?>
<testsuite tests="3" failures="1" name="TestSuite" time="9.311" errors="0" skipped="0">
  <properties>
[...]
</properties>
  <testcase classname="com.test.testcases.CreateAirlineTest" name="validateCreateAirline" time="6.226">
    <failure message="expected [201] but found [404]" type="java.lang.AssertionError">java.lang.AssertionError: expected [201] but found [404]
	at org.testng.Assert.fail(Assert.java:96)
	at org.testng.Assert.failNotEquals(Assert.java:776)
	at org.testng.Assert.assertEqualsImpl(Assert.java:137)
	at org.testng.Assert.assertEquals(Assert.java:118)
	at org.testng.Assert.assertEquals(Assert.java:652)
	at org.testng.Assert.assertEquals(Assert.java:662)
	at com.test.testcases.CreateAirlineTest.validateCreateAirline(CreateAirlineTest.java:30)
</failure>
    <system-out>Configuring TestNG with: org.apache.maven.surefire.testng.conf.TestNG652Configurator@43556938
{
  &quot;id&quot; : 10000456,
  &quot;name&quot; : &quot;Roshan Airway&quot;,
  &quot;country&quot; : &quot;India&quot;,
  &quot;logo&quot; : &quot;Sample logo&quot;,
  &quot;slogan&quot; : &quot;From India&quot;,
  &quot;headQuaters&quot; : &quot;India&quot;,
  &quot;website&quot; : &quot;http:qacrunch.com&quot;,
  &quot;established&quot; : &quot;2022&quot;
}
</system-out>
    <system-err>SLF4J: Failed to load class &quot;org.slf4j.impl.StaticLoggerBinder&quot;.
SLF4J: Defaulting to no-operation (NOP) logger implementation
SLF4J: See http://www.slf4j.org/codes.html#StaticLoggerBinder for further details.
</system-err>
  </testcase>
  <testcase classname="com.test.testcases.GetAirlinesTest" name="validateStatusCode" time="0.265"/>
  <testcase classname="com.test.testcases.GetAirlinesTest" name="validateName" time="2.82"/>
</testsuite>