<?xml version="1.0" encoding="UTF-8"?>
<testng-results skipped="0" failed="0" ignored="0" total="2" passed="2">
  <reporter-output>
  </reporter-output>
  <suite name="Default suite" duration-ms="15028" started-at="2022-12-29T13:36:57Z" finished-at="2022-12-29T13:37:12Z">
    <groups>
    </groups>
    <test name="Default test" duration-ms="15028" started-at="2022-12-29T13:36:57Z" finished-at="2022-12-29T13:37:12Z">
      <class name="com.test.testcases.GetAirlinesTest">
        <test-method status="PASS" signature="init()[pri:0, instance:com.test.testcases.GetAirlinesTest@2cdd0d4b]" name="init" is-config="true" duration-ms="67" started-at="2022-12-29T13:36:57Z" finished-at="2022-12-29T13:36:57Z">
          <reporter-output>
          </reporter-output>
        </test-method> <!-- init -->
        <test-method status="PASS" signature="startMock()[pri:0, instance:com.test.testcases.GetAirlinesTest@2cdd0d4b]" name="startMock" is-config="true" duration-ms="3882" started-at="2022-12-29T13:36:57Z" finished-at="2022-12-29T13:37:01Z">
          <reporter-output>
          </reporter-output>
        </test-method> <!-- startMock -->
        <test-method status="PASS" signature="validateStatusCode()[pri:1, instance:com.test.testcases.GetAirlinesTest@2cdd0d4b]" name="validateStatusCode" duration-ms="6623" started-at="2022-12-29T13:37:01Z" finished-at="2022-12-29T13:37:07Z">
          <reporter-output>
          </reporter-output>
        </test-method> <!-- validateStatusCode -->
        <test-method status="PASS" signature="validateName()[pri:2, instance:com.test.testcases.GetAirlinesTest@2cdd0d4b]" name="validateName" duration-ms="4147" started-at="2022-12-29T13:37:08Z" finished-at="2022-12-29T13:37:12Z">
          <reporter-output>
          </reporter-output>
        </test-method> <!-- validateName -->
        <test-method status="PASS" signature="afterSuite()[pri:0, instance:com.test.testcases.GetAirlinesTest@2cdd0d4b]" name="afterSuite" is-config="true" duration-ms="5" started-at="2022-12-29T13:37:12Z" finished-at="2022-12-29T13:37:12Z">
          <reporter-output>
          </reporter-output>
        </test-method> <!-- afterSuite -->
      </class> <!-- com.test.testcases.GetAirlinesTest -->
    </test> <!-- Default test -->
  </suite> <!-- Default suite -->
</testng-results>
